<?xml version="1.0" encoding="UTF-8"?>
<!-- Generated by org.testng.reporters.JUnitXMLReporter -->
<testsuite hostname="DamianoKomp" name="pl.damian.*(failed)(failed)" tests="1" failures="1" timestamp="11 Jun 2017 16:13:42 GMT" time="0.039" errors="0">
  <testcase name="shouldReplaceLoop" time="0.029" classname="pl.damian.TestModeTest">
    <failure type="java.lang.AssertionError" message="
Expecting:
 &amp;lt;&amp;quot;This is very damn so fantastic !is pretty much damn so noice !is kind of damn so incredible ! !! hehe&amp;quot;&amp;gt;
to be equal to:
 &amp;lt;&amp;quot;This is very damn so fantastic !is pretty much damn so noice !is kind of damn so incredible !  !! hehe&amp;quot;&amp;gt;
but was not.">
      <![CDATA[java.lang.AssertionError: 
Expecting:
 <"This is very damn so fantastic !is pretty much damn so noice !is kind of damn so incredible ! !! hehe">
to be equal to:
 <"This is very damn so fantastic !is pretty much damn so noice !is kind of damn so incredible !  !! hehe">
but was not.
	at pl.damian.TestModeTest.shouldReplaceLoop(TestModeTest.java:112)
... Removed 24 stack frames]]>
    </failure>
  </testcase> <!-- shouldReplaceLoop -->
</testsuite> <!-- pl.damian.*(failed)(failed) -->
