<?xml version="1.0" encoding="UTF-8"?>
<!-- Generated by org.testng.reporters.JUnitXMLReporter -->
<testsuite hostname="DamianoKomp" name="Default test" tests="7" failures="0" timestamp="11 Jun 2017 16:42:44 GMT" time="0.044" errors="0">
  <testcase name="shouldGetTextBetweenTag" time="0.025" classname="pl.damian.TestModeTest"/>
  <testcase name="shouldMultiply" time="0.0" classname="pl.damian.TestModeTest"/>
  <testcase name="shouldRemoveTag" time="0.001" classname="pl.damian.TestModeTest"/>
  <testcase name="shouldReplaceLoop" time="0.002" classname="pl.damian.TestModeTest"/>
  <testcase name="shouldReplaceText" time="0.001" classname="pl.damian.TestModeTest"/>
  <testcase name="shouldReplaceText2" time="0.001" classname="pl.damian.TestModeTest"/>
  <testcase name="shouldReplaceTextWithArray" time="0.001" classname="pl.damian.TestModeTest"/>
</testsuite> <!-- Default test -->
